<?xml version="1.0" encoding="UTF-8"?>
<!-- Generated by org.testng.reporters.JUnitReportReporter -->
<testsuite hostname="DESKTOP-KTO6IU8" name="test.java.practiceWeek2_1.LoginTests" tests="5" failures="0" timestamp="9 Jan 2017 02:07:41 GMT" time="9.778" errors="0">
  <testcase name="testInvalidAccount" time="6.765" classname="test.java.practiceWeek2_1.LoginTests"/>
  <testcase name="testInvalidEmail" time="0.906" classname="test.java.practiceWeek2_1.LoginTests"/>
  <testcase name="testValidAccount" time="0.717" classname="test.java.practiceWeek2_1.LoginTests"/>
  <testcase name="testInvalidPass" time="0.769" classname="test.java.practiceWeek2_1.LoginTests"/>
  <testcase name="testBlankValue" time="0.621" classname="test.java.practiceWeek2_1.LoginTests"/>
</testsuite>
